<?xml version="1.0" encoding="UTF-8"?>
<!-- Generated by org.testng.reporters.JUnitReportReporter -->
<testsuite skipped="0" hostname="Johnny.local" name="Test.Testrail" tests="20" failures="0" timestamp="2023-02-13T15:26:52 KST" time="32.696" errors="1">
  <testcase name="Homepage" time="3.474" classname="Test.Testrail"/>
  <system-out/>
  <testcase name="Login_email" time="0.699" classname="Test.Testrail"/>
  <system-out/>
  <testcase name="Login_Password" time="0.612" classname="Test.Testrail"/>
  <system-out/>
  <testcase name="Login_btn" time="0.645" classname="Test.Testrail"/>
  <system-out/>
  <testcase name="ContractSetupStart_btn" time="1.439" classname="Test.Testrail"/>
  <system-out/>
  <testcase name="CLOUD_DRIVE_btn" time="0.560" classname="Test.Testrail"/>
  <system-out/>
  <testcase name="LOCAL_btn" time="0.567" classname="Test.Testrail"/>
  <system-out/>
  <testcase name="SAMPLE_DOCUMENTS_btn" time="1.931" classname="Test.Testrail"/>
  <system-out/>
  <testcase name="StepProgressBar_stepname1" time="1.871" classname="Test.Testrail"/>
  <system-out/>
  <testcase name="StepProgressBar_stepname2" time="0.605" classname="Test.Testrail"/>
  <system-out/>
  <testcase name="StepProgressBar_stepname3" time="0.676" classname="Test.Testrail"/>
  <system-out/>
  <testcase name="StepProgressBar_stepname5" time="0.959" classname="Test.Testrail"/>
  <system-out/>
  <testcase name="StepProgressBar_stepname6" time="0.644" classname="Test.Testrail"/>
  <system-out/>
  <testcase name="StepProgressBar_stepname2_sign" time="0.746" classname="Test.Testrail"/>
  <system-out/>
  <testcase name="StepProgressBar_stepname2_text" time="0.633" classname="Test.Testrail"/>
  <system-out/>
  <testcase name="StepProgressBar_stepname2_checkbox" time="0.646" classname="Test.Testrail"/>
  <system-out/>
  <testcase name="StepProgressBar_stepname2_next_btn" time="1.244" classname="Test.Testrail"/>
  <system-out/>
  <testcase name="StepProgressBar_stepname3_nameeidt_btn" time="0.623" classname="Test.Testrail"/>
  <system-out/>
  <testcase name="StepProgressBar_stepname3_nameeidt_input" time="0.588" classname="Test.Testrail"/>
  <system-out/>
  <testcase name="StepProgressBar_stepname3_nameedidt_done" time="13.534" classname="Test.Testrail">
    <error type="org.openqa.selenium.TimeoutException" message="Expected condition failed: waiting for visibility of element located by By.cssSelector: div[data-tb-test-id=&#039;basic-modal-cancel-button&#039;] (tried for 10 second(s) with 500 milliseconds interval)">
      <![CDATA[org.openqa.selenium.TimeoutException: Expected condition failed: waiting for visibility of element located by By.cssSelector: div[data-tb-test-id='basic-modal-cancel-button'] (tried for 10 second(s) with 500 milliseconds interval)
at org.openqa.selenium.support.ui.WebDriverWait.timeoutException(WebDriverWait.java:95)
at org.openqa.selenium.support.ui.FluentWait.until(FluentWait.java:272)
at Test._1_modusign.StepProgressBar_stepname3_nameedidt_done(_1_modusign.java:335)
at sun.reflect.NativeMethodAccessorImpl.invoke0(Native Method)
at sun.reflect.NativeMethodAccessorImpl.invoke(NativeMethodAccessorImpl.java:62)
at sun.reflect.DelegatingMethodAccessorImpl.invoke(DelegatingMethodAccessorImpl.java:43)
at java.lang.reflect.Method.invoke(Method.java:498)
at org.testng.internal.MethodInvocationHelper.invokeMethod(MethodInvocationHelper.java:133)
at org.testng.internal.TestInvoker.invokeMethod(TestInvoker.java:598)
at org.testng.internal.TestInvoker.invokeTestMethod(TestInvoker.java:173)
at org.testng.internal.MethodRunner.runInSequence(MethodRunner.java:46)
at org.testng.internal.TestInvoker$MethodInvocationAgent.invoke(TestInvoker.java:824)
at org.testng.internal.TestInvoker.invokeTestMethods(TestInvoker.java:146)
at org.testng.internal.TestMethodWorker.invokeTestMethods(TestMethodWorker.java:146)
at org.testng.internal.TestMethodWorker.run(TestMethodWorker.java:128)
at java.util.ArrayList.forEach(ArrayList.java:1259)
at org.testng.TestRunner.privateRun(TestRunner.java:794)
at org.testng.TestRunner.run(TestRunner.java:596)
at org.testng.SuiteRunner.runTest(SuiteRunner.java:377)
at org.testng.SuiteRunner.runSequentially(SuiteRunner.java:371)
at org.testng.SuiteRunner.privateRun(SuiteRunner.java:332)
at org.testng.SuiteRunner.run(SuiteRunner.java:276)
at org.testng.SuiteRunnerWorker.runSuite(SuiteRunnerWorker.java:53)
at org.testng.SuiteRunnerWorker.run(SuiteRunnerWorker.java:96)
at org.testng.TestNG.runSuitesSequentially(TestNG.java:1212)
at org.testng.TestNG.runSuitesLocally(TestNG.java:1134)
at org.testng.TestNG.runSuites(TestNG.java:1063)
at org.testng.TestNG.run(TestNG.java:1031)
at org.testng.remote.AbstractRemoteTestNG.run(AbstractRemoteTestNG.java:115)
at org.testng.remote.RemoteTestNG.initAndRun(RemoteTestNG.java:251)
at org.testng.remote.RemoteTestNG.main(RemoteTestNG.java:77)
Caused by: org.openqa.selenium.NoSuchElementException: no such element: Unable to locate element: {"method":"css selector","selector":"div[data-tb-test-id='basic-modal-cancel-button']"}
  (Session info: chrome=110.0.5481.77)
For documentation on this error, please visit: https://www.seleniumhq.org/exceptions/no_such_element.html
Build info: version: '3.141.59', revision: 'e82be7d358', time: '2018-11-14T08:17:03'
System info: host: 'Johnny.local', ip: 'fe80:0:0:0:806:2f31:975e:3643%en0', os.name: 'Mac OS X', os.arch: 'x86_64', os.version: '10.15.7', java.version: '1.8.0_292'
Driver info: org.openqa.selenium.chrome.ChromeDriver
Capabilities {acceptInsecureCerts: false, browserName: chrome, browserVersion: 110.0.5481.77, chrome: {chromedriverVersion: 110.0.5481.77 (65ed616c6e8e..., userDataDir: /var/folders/nb/rbk44gf1635...}, goog:chromeOptions: {debuggerAddress: localhost:49701}, javascriptEnabled: true, networkConnectionEnabled: false, pageLoadStrategy: normal, platform: MAC, platformName: MAC, proxy: Proxy(), setWindowRect: true, strictFileInteractability: false, timeouts: {implicit: 0, pageLoad: 300000, script: 30000}, unhandledPromptBehavior: dismiss and notify, webauthn:extension:credBlob: true, webauthn:extension:largeBlob: true, webauthn:virtualAuthenticators: true}
Session ID: eb44b8ab23aeb0ee1e3584f75cff8c6b
*** Element info: {Using=css selector, value=div[data-tb-test-id='basic-modal-cancel-button']}
at sun.reflect.GeneratedConstructorAccessor17.newInstance(Unknown Source)
at sun.reflect.DelegatingConstructorAccessorImpl.newInstance(DelegatingConstructorAccessorImpl.java:45)
at java.lang.reflect.Constructor.newInstance(Constructor.java:423)
at org.openqa.selenium.remote.http.W3CHttpResponseCodec.createException(W3CHttpResponseCodec.java:187)
at org.openqa.selenium.remote.http.W3CHttpResponseCodec.decode(W3CHttpResponseCodec.java:122)
at org.openqa.selenium.remote.http.W3CHttpResponseCodec.decode(W3CHttpResponseCodec.java:49)
at org.openqa.selenium.remote.HttpCommandExecutor.execute(HttpCommandExecutor.java:158)
at org.openqa.selenium.remote.service.DriverCommandExecutor.execute(DriverCommandExecutor.java:83)
at org.openqa.selenium.remote.RemoteWebDriver.execute(RemoteWebDriver.java:552)
at org.openqa.selenium.remote.RemoteWebDriver.findElement(RemoteWebDriver.java:323)
at org.openqa.selenium.remote.RemoteWebDriver.findElementByCssSelector(RemoteWebDriver.java:420)
at org.openqa.selenium.By$ByCssSelector.findElement(By.java:431)
at org.openqa.selenium.remote.RemoteWebDriver.findElement(RemoteWebDriver.java:315)
at org.openqa.selenium.support.ui.ExpectedConditions$7.apply(ExpectedConditions.java:205)
at org.openqa.selenium.support.ui.ExpectedConditions$7.apply(ExpectedConditions.java:201)
at org.openqa.selenium.support.ui.FluentWait.until(FluentWait.java:249)
... 29 more
]]>
    </error>
  </testcase> <!-- StepProgressBar_stepname3_nameedidt_done -->
  <system-out/>
</testsuite> <!-- Test.Testrail -->
