<?xml version="1.0" encoding="UTF-8"?>
<!-- Generated by org.testng.reporters.JUnitReportReporter -->
<testsuite hostname="DESKTOP-F3B2TKP" failures="0" tests="21" name="Test._2_modusign_temple" time="16.580" errors="1" timestamp="2023-02-13T00:30:53 KST" skipped="0">
  <testcase classname="Test._2_modusign_temple" name="Homepage" time="2.195"/>
  <system-out/>
  <testcase classname="Test._2_modusign_temple" name="Login_email" time="0.099"/>
  <system-out/>
  <testcase classname="Test._2_modusign_temple" name="Login_Password" time="0.079"/>
  <system-out/>
  <testcase classname="Test._2_modusign_temple" name="Login_btn" time="0.050"/>
  <system-out/>
  <testcase classname="Test._2_modusign_temple" name="ContractSetupStart_btn" time="1.202"/>
  <system-out/>
  <testcase classname="Test._2_modusign_temple" name="CLOUD_DRIVE_btn" time="0.628"/>
  <system-out/>
  <testcase classname="Test._2_modusign_temple" name="LOCAL_btn" time="0.043"/>
  <system-out/>
  <testcase classname="Test._2_modusign_temple" name="SAMPLE_DOCUMENTS_btn" time="1.246"/>
  <system-out/>
  <testcase classname="Test._2_modusign_temple" name="StepProgressBar_stepname1" time="1.214"/>
  <system-out/>
  <testcase classname="Test._2_modusign_temple" name="StepProgressBar_stepname2" time="0.064"/>
  <system-out/>
  <testcase classname="Test._2_modusign_temple" name="StepProgressBar_stepname3" time="0.114"/>
  <system-out/>
  <testcase classname="Test._2_modusign_temple" name="StepProgressBar_stepname5" time="0.252"/>
  <system-out/>
  <testcase classname="Test._2_modusign_temple" name="StepProgressBar_stepname6" time="0.099"/>
  <system-out/>
  <testcase classname="Test._2_modusign_temple" name="StepProgressBar_stepname2_sign" time="0.233"/>
  <system-out/>
  <testcase classname="Test._2_modusign_temple" name="StepProgressBar_stepname2_text" time="0.128"/>
  <system-out/>
  <testcase classname="Test._2_modusign_temple" name="StepProgressBar_stepname2_checkbox" time="0.124"/>
  <system-out/>
  <testcase classname="Test._2_modusign_temple" name="StepProgressBar_stepname2_next_btn" time="0.651"/>
  <system-out/>
  <testcase classname="Test._2_modusign_temple" name="StepProgressBar_stepname3_nameeidt_btn" time="0.051"/>
  <system-out/>
  <testcase classname="Test._2_modusign_temple" name="StepProgressBar_stepname3_nameeidt_input" time="0.063"/>
  <system-out/>
  <testcase classname="Test._2_modusign_temple" name="StepProgressBar_stepname3_nameedidt_done" time="2.769"/>
  <system-out/>
  <testcase classname="Test._2_modusign_temple" name="StepProgressBar_step123123" time="5.276">
    <error message="element click intercepted: Element &lt;span display=&quot;inline-block&quot; font-size=&quot;1.07em&quot; font-weight=&quot;regular&quot; class=&quot;css-1kr9snj&quot;&gt;...&lt;/span&gt; is not clickable at point (73, 220). Other element would receive the click: &lt;div class=&quot;ReactModal__Content ReactModal__Content--after-open RootModal__content&quot; tabindex=&quot;-1&quot; role=&quot;dialog&quot; aria-label=&quot;Modal&quot; aria-modal=&quot;true&quot;&gt;...&lt;/div&gt;
  (Session info: chrome=110.0.5481.77)
Build info: version: &#039;3.141.59&#039;, revision: &#039;e82be7d358&#039;, time: &#039;2018-11-14T08:17:03&#039;
System info: host: &#039;DESKTOP-F3B2TKP&#039;, ip: &#039;112.148.26.220&#039;, os.name: &#039;Windows 11&#039;, os.arch: &#039;amd64&#039;, os.version: &#039;10.0&#039;, java.version: &#039;17.0.4.1&#039;
Driver info: org.openqa.selenium.chrome.ChromeDriver
Capabilities {acceptInsecureCerts: false, browserName: chrome, browserVersion: 110.0.5481.77, chrome: {chromedriverVersion: 110.0.5481.77 (65ed616c6e8e..., userDataDir: C:\Users\tncls\AppData\Loca...}, goog:chromeOptions: {debuggerAddress: localhost:49210}, javascriptEnabled: true, networkConnectionEnabled: false, pageLoadStrategy: normal, platform: WINDOWS, platformName: WINDOWS, proxy: Proxy(), setWindowRect: true, strictFileInteractability: false, timeouts: {implicit: 0, pageLoad: 300000, script: 30000}, unhandledPromptBehavior: dismiss and notify, webauthn:extension:credBlob: true, webauthn:extension:largeBlob: true, webauthn:virtualAuthenticators: true}
Session ID: a5cfdd6c707609da6c9dbdd54b6a7949" type="org.openqa.selenium.ElementClickInterceptedException">
      <![CDATA[org.openqa.selenium.ElementClickInterceptedException: element click intercepted: Element <span display="inline-block" font-size="1.07em" font-weight="regular" class="css-1kr9snj">...</span> is not clickable at point (73, 220). Other element would receive the click: <div class="ReactModal__Content ReactModal__Content--after-open RootModal__content" tabindex="-1" role="dialog" aria-label="Modal" aria-modal="true">...</div>
  (Session info: chrome=110.0.5481.77)
Build info: version: '3.141.59', revision: 'e82be7d358', time: '2018-11-14T08:17:03'
System info: host: 'DESKTOP-F3B2TKP', ip: '112.148.26.220', os.name: 'Windows 11', os.arch: 'amd64', os.version: '10.0', java.version: '17.0.4.1'
Driver info: org.openqa.selenium.chrome.ChromeDriver
Capabilities {acceptInsecureCerts: false, browserName: chrome, browserVersion: 110.0.5481.77, chrome: {chromedriverVersion: 110.0.5481.77 (65ed616c6e8e..., userDataDir: C:\Users\tncls\AppData\Loca...}, goog:chromeOptions: {debuggerAddress: localhost:49210}, javascriptEnabled: true, networkConnectionEnabled: false, pageLoadStrategy: normal, platform: WINDOWS, platformName: WINDOWS, proxy: Proxy(), setWindowRect: true, strictFileInteractability: false, timeouts: {implicit: 0, pageLoad: 300000, script: 30000}, unhandledPromptBehavior: dismiss and notify, webauthn:extension:credBlob: true, webauthn:extension:largeBlob: true, webauthn:virtualAuthenticators: true}
Session ID: a5cfdd6c707609da6c9dbdd54b6a7949
at java.base/jdk.internal.reflect.NativeConstructorAccessorImpl.newInstance0(Native Method)
at java.base/jdk.internal.reflect.NativeConstructorAccessorImpl.newInstance(NativeConstructorAccessorImpl.java:77)
at java.base/jdk.internal.reflect.DelegatingConstructorAccessorImpl.newInstance(DelegatingConstructorAccessorImpl.java:45)
at java.base/java.lang.reflect.Constructor.newInstanceWithCaller(Constructor.java:499)
at java.base/java.lang.reflect.Constructor.newInstance(Constructor.java:480)
at org.openqa.selenium.remote.http.W3CHttpResponseCodec.createException(W3CHttpResponseCodec.java:187)
at org.openqa.selenium.remote.http.W3CHttpResponseCodec.decode(W3CHttpResponseCodec.java:122)
at org.openqa.selenium.remote.http.W3CHttpResponseCodec.decode(W3CHttpResponseCodec.java:49)
at org.openqa.selenium.remote.HttpCommandExecutor.execute(HttpCommandExecutor.java:158)
at org.openqa.selenium.remote.service.DriverCommandExecutor.execute(DriverCommandExecutor.java:83)
at org.openqa.selenium.remote.RemoteWebDriver.execute(RemoteWebDriver.java:552)
at org.openqa.selenium.remote.RemoteWebElement.execute(RemoteWebElement.java:285)
at org.openqa.selenium.remote.RemoteWebElement.click(RemoteWebElement.java:84)
at Test._2_modusign_temple.StepProgressBar_step123123(_2_modusign_temple.java:18)
at java.base/jdk.internal.reflect.NativeMethodAccessorImpl.invoke0(Native Method)
at java.base/jdk.internal.reflect.NativeMethodAccessorImpl.invoke(NativeMethodAccessorImpl.java:77)
at java.base/jdk.internal.reflect.DelegatingMethodAccessorImpl.invoke(DelegatingMethodAccessorImpl.java:43)
at java.base/java.lang.reflect.Method.invoke(Method.java:568)
at org.testng.internal.MethodInvocationHelper.invokeMethod(MethodInvocationHelper.java:133)
at org.testng.internal.TestInvoker.invokeMethod(TestInvoker.java:598)
at org.testng.internal.TestInvoker.invokeTestMethod(TestInvoker.java:173)
at org.testng.internal.MethodRunner.runInSequence(MethodRunner.java:46)
at org.testng.internal.TestInvoker$MethodInvocationAgent.invoke(TestInvoker.java:824)
at org.testng.internal.TestInvoker.invokeTestMethods(TestInvoker.java:146)
at org.testng.internal.TestMethodWorker.invokeTestMethods(TestMethodWorker.java:146)
at org.testng.internal.TestMethodWorker.run(TestMethodWorker.java:128)
at java.base/java.util.ArrayList.forEach(ArrayList.java:1511)
at org.testng.TestRunner.privateRun(TestRunner.java:794)
at org.testng.TestRunner.run(TestRunner.java:596)
at org.testng.SuiteRunner.runTest(SuiteRunner.java:377)
at org.testng.SuiteRunner.runSequentially(SuiteRunner.java:371)
at org.testng.SuiteRunner.privateRun(SuiteRunner.java:332)
at org.testng.SuiteRunner.run(SuiteRunner.java:276)
at org.testng.SuiteRunnerWorker.runSuite(SuiteRunnerWorker.java:53)
at org.testng.SuiteRunnerWorker.run(SuiteRunnerWorker.java:96)
at org.testng.TestNG.runSuitesSequentially(TestNG.java:1212)
at org.testng.TestNG.runSuitesLocally(TestNG.java:1134)
at org.testng.TestNG.runSuites(TestNG.java:1063)
at org.testng.TestNG.run(TestNG.java:1031)
at org.testng.remote.AbstractRemoteTestNG.run(AbstractRemoteTestNG.java:115)
at org.testng.remote.RemoteTestNG.initAndRun(RemoteTestNG.java:251)
at org.testng.remote.RemoteTestNG.main(RemoteTestNG.java:77)
]]>
    </error>
  </testcase> <!-- StepProgressBar_step123123 -->
  <system-out/>
</testsuite> <!-- Test._2_modusign_temple -->
