<?xml version="1.0" encoding="UTF-8"?>
<!-- Generated by org.testng.reporters.JUnitReportReporter -->
<testsuite hostname="DESKTOP-F3B2TKP" failures="0" tests="20" name="Test._1_modusign" time="21.854" errors="1" timestamp="2023-02-13T00:42:59 KST" skipped="0">
  <testcase classname="Test._1_modusign" name="Homepage" time="2.286"/>
  <system-out/>
  <testcase classname="Test._1_modusign" name="Login_email" time="0.126"/>
  <system-out/>
  <testcase classname="Test._1_modusign" name="Login_Password" time="0.090"/>
  <system-out/>
  <testcase classname="Test._1_modusign" name="Login_btn" time="0.064"/>
  <system-out/>
  <testcase classname="Test._1_modusign" name="ContractSetupStart_btn" time="1.058"/>
  <system-out/>
  <testcase classname="Test._1_modusign" name="CLOUD_DRIVE_btn" time="0.602"/>
  <system-out/>
  <testcase classname="Test._1_modusign" name="LOCAL_btn" time="0.049"/>
  <system-out/>
  <testcase classname="Test._1_modusign" name="SAMPLE_DOCUMENTS_btn" time="1.242"/>
  <system-out/>
  <testcase classname="Test._1_modusign" name="StepProgressBar_stepname1" time="1.236"/>
  <system-out/>
  <testcase classname="Test._1_modusign" name="StepProgressBar_stepname2" time="0.076"/>
  <system-out/>
  <testcase classname="Test._1_modusign" name="StepProgressBar_stepname3" time="0.184"/>
  <system-out/>
  <testcase classname="Test._1_modusign" name="StepProgressBar_stepname5" time="0.296"/>
  <system-out/>
  <testcase classname="Test._1_modusign" name="StepProgressBar_stepname6" time="0.119"/>
  <system-out/>
  <testcase classname="Test._1_modusign" name="StepProgressBar_stepname2_sign" time="0.291"/>
  <system-out/>
  <testcase classname="Test._1_modusign" name="StepProgressBar_stepname2_text" time="0.146"/>
  <system-out/>
  <testcase classname="Test._1_modusign" name="StepProgressBar_stepname2_checkbox" time="0.124"/>
  <system-out/>
  <testcase classname="Test._1_modusign" name="StepProgressBar_stepname2_next_btn" time="0.660"/>
  <system-out/>
  <testcase classname="Test._1_modusign" name="StepProgressBar_stepname3_nameeidt_btn" time="0.064"/>
  <system-out/>
  <testcase classname="Test._1_modusign" name="StepProgressBar_stepname3_nameeidt_input" time="0.091"/>
  <system-out/>
  <testcase classname="Test._1_modusign" name="StepProgressBar_stepname3_nameedidt_done" time="13.050">
    <error message="Expected condition failed: waiting for visibility of element located by By.cssSelector: div[data-tb-test-id=&#039;basic-modal-cancel-button&#039;] (tried for 10 second(s) with 500 milliseconds interval)" type="org.openqa.selenium.TimeoutException">
      <![CDATA[org.openqa.selenium.TimeoutException: Expected condition failed: waiting for visibility of element located by By.cssSelector: div[data-tb-test-id='basic-modal-cancel-button'] (tried for 10 second(s) with 500 milliseconds interval)
at org.openqa.selenium.support.ui.WebDriverWait.timeoutException(WebDriverWait.java:95)
at org.openqa.selenium.support.ui.FluentWait.until(FluentWait.java:272)
at Test._1_modusign.StepProgressBar_stepname3_nameedidt_done(_1_modusign.java:337)
at java.base/jdk.internal.reflect.NativeMethodAccessorImpl.invoke0(Native Method)
at java.base/jdk.internal.reflect.NativeMethodAccessorImpl.invoke(NativeMethodAccessorImpl.java:77)
at java.base/jdk.internal.reflect.DelegatingMethodAccessorImpl.invoke(DelegatingMethodAccessorImpl.java:43)
at java.base/java.lang.reflect.Method.invoke(Method.java:568)
at org.testng.internal.MethodInvocationHelper.invokeMethod(MethodInvocationHelper.java:133)
at org.testng.internal.TestInvoker.invokeMethod(TestInvoker.java:598)
at org.testng.internal.TestInvoker.invokeTestMethod(TestInvoker.java:173)
at org.testng.internal.MethodRunner.runInSequence(MethodRunner.java:46)
at org.testng.internal.TestInvoker$MethodInvocationAgent.invoke(TestInvoker.java:824)
at org.testng.internal.TestInvoker.invokeTestMethods(TestInvoker.java:146)
at org.testng.internal.TestMethodWorker.invokeTestMethods(TestMethodWorker.java:146)
at org.testng.internal.TestMethodWorker.run(TestMethodWorker.java:128)
at java.base/java.util.ArrayList.forEach(ArrayList.java:1511)
at org.testng.TestRunner.privateRun(TestRunner.java:794)
at org.testng.TestRunner.run(TestRunner.java:596)
at org.testng.SuiteRunner.runTest(SuiteRunner.java:377)
at org.testng.SuiteRunner.runSequentially(SuiteRunner.java:371)
at org.testng.SuiteRunner.privateRun(SuiteRunner.java:332)
at org.testng.SuiteRunner.run(SuiteRunner.java:276)
at org.testng.SuiteRunnerWorker.runSuite(SuiteRunnerWorker.java:53)
at org.testng.SuiteRunnerWorker.run(SuiteRunnerWorker.java:96)
at org.testng.TestNG.runSuitesSequentially(TestNG.java:1212)
at org.testng.TestNG.runSuitesLocally(TestNG.java:1134)
at org.testng.TestNG.runSuites(TestNG.java:1063)
at org.testng.TestNG.run(TestNG.java:1031)
at org.testng.remote.AbstractRemoteTestNG.run(AbstractRemoteTestNG.java:115)
at org.testng.remote.RemoteTestNG.initAndRun(RemoteTestNG.java:251)
at org.testng.remote.RemoteTestNG.main(RemoteTestNG.java:77)
Caused by: org.openqa.selenium.NoSuchElementException: no such element: Unable to locate element: {"method":"css selector","selector":"div[data-tb-test-id='basic-modal-cancel-button']"}
  (Session info: chrome=110.0.5481.77)
For documentation on this error, please visit: https://www.seleniumhq.org/exceptions/no_such_element.html
Build info: version: '3.141.59', revision: 'e82be7d358', time: '2018-11-14T08:17:03'
System info: host: 'DESKTOP-F3B2TKP', ip: '112.148.26.220', os.name: 'Windows 11', os.arch: 'amd64', os.version: '10.0', java.version: '17.0.4.1'
Driver info: org.openqa.selenium.chrome.ChromeDriver
Capabilities {acceptInsecureCerts: false, browserName: chrome, browserVersion: 110.0.5481.77, chrome: {chromedriverVersion: 110.0.5481.77 (65ed616c6e8e..., userDataDir: C:\Users\tncls\AppData\Loca...}, goog:chromeOptions: {debuggerAddress: localhost:50943}, javascriptEnabled: true, networkConnectionEnabled: false, pageLoadStrategy: normal, platform: WINDOWS, platformName: WINDOWS, proxy: Proxy(), setWindowRect: true, strictFileInteractability: false, timeouts: {implicit: 0, pageLoad: 300000, script: 30000}, unhandledPromptBehavior: dismiss and notify, webauthn:extension:credBlob: true, webauthn:extension:largeBlob: true, webauthn:virtualAuthenticators: true}
Session ID: 1dffd3e5a7a641cfc2934e4ff6251fa6
*** Element info: {Using=css selector, value=div[data-tb-test-id='basic-modal-cancel-button']}
at jdk.internal.reflect.GeneratedConstructorAccessor13.newInstance(Unknown Source)
at java.base/jdk.internal.reflect.DelegatingConstructorAccessorImpl.newInstance(DelegatingConstructorAccessorImpl.java:45)
at java.base/java.lang.reflect.Constructor.newInstanceWithCaller(Constructor.java:499)
at java.base/java.lang.reflect.Constructor.newInstance(Constructor.java:480)
at org.openqa.selenium.remote.http.W3CHttpResponseCodec.createException(W3CHttpResponseCodec.java:187)
at org.openqa.selenium.remote.http.W3CHttpResponseCodec.decode(W3CHttpResponseCodec.java:122)
at org.openqa.selenium.remote.http.W3CHttpResponseCodec.decode(W3CHttpResponseCodec.java:49)
at org.openqa.selenium.remote.HttpCommandExecutor.execute(HttpCommandExecutor.java:158)
at org.openqa.selenium.remote.service.DriverCommandExecutor.execute(DriverCommandExecutor.java:83)
at org.openqa.selenium.remote.RemoteWebDriver.execute(RemoteWebDriver.java:552)
at org.openqa.selenium.remote.RemoteWebDriver.findElement(RemoteWebDriver.java:323)
at org.openqa.selenium.remote.RemoteWebDriver.findElementByCssSelector(RemoteWebDriver.java:420)
at org.openqa.selenium.By$ByCssSelector.findElement(By.java:431)
at org.openqa.selenium.remote.RemoteWebDriver.findElement(RemoteWebDriver.java:315)
at org.openqa.selenium.support.ui.ExpectedConditions$7.apply(ExpectedConditions.java:205)
at org.openqa.selenium.support.ui.ExpectedConditions$7.apply(ExpectedConditions.java:201)
at org.openqa.selenium.support.ui.FluentWait.until(FluentWait.java:249)
... 29 more
]]>
    </error>
  </testcase> <!-- StepProgressBar_stepname3_nameedidt_done -->
  <system-out/>
</testsuite> <!-- Test._1_modusign -->
